<?xml version="1.0" encoding="UTF-8"?>
<!-- Generated by org.testng.reporters.JUnitXMLReporter -->
<testsuite ignored="5" hostname="TYSS-Shobha" failures="0" tests="1" name="Test" time="19.074" errors="0" timestamp="2024-10-05T15:00:36 IST">
  <testcase classname="organization.CreateOrganizationTest" name="createOrganizationTest" time="13.184"/>
  <testcase classname="Generic_Utility.BaseClass" name="@BeforeSuite BS" time="0.0">
    <ignored/>
  </testcase> <!-- @BeforeSuite BS -->
  <testcase classname="Generic_Utility.BaseClass" name="@AfterTest AT" time="0.0">
    <ignored/>
  </testcase> <!-- @AfterTest AT -->
  <testcase classname="Generic_Utility.BaseClass" name="@BeforeTest BT" time="0.0">
    <ignored/>
  </testcase> <!-- @BeforeTest BT -->
  <testcase classname="Generic_Utility.BaseClass" name="@AfterSuite AS" time="0.0">
    <ignored/>
  </testcase> <!-- @AfterSuite AS -->
  <testcase classname="campaigns.CreateCampaignsTest" name="createCampaignsTest" time="0.0">
    <ignored/>
  </testcase> <!-- createCampaignsTest -->
</testsuite> <!-- Test -->
