<?xml version="1.0" encoding="UTF-8"?>
<testng-results ignored="0" total="1" passed="1" failed="0" skipped="0">
  <reporter-output>
  </reporter-output>
  <suite started-at="2024-10-05T15:00:17 IST" name="Suite" finished-at="2024-10-05T15:00:36 IST" duration-ms="19074">
    <groups>
      <group name="regressionTest">
        <method signature="CreateOrganizationTest.createOrganizationTest()[pri:0, instance:organization.CreateOrganizationTest@4681c175]" name="createOrganizationTest" class="organization.CreateOrganizationTest"/>
      </group> <!-- regressionTest -->
    </groups>
    <test started-at="2024-10-05T15:00:17 IST" name="Test" finished-at="2024-10-05T15:00:36 IST" duration-ms="19074">
      <class name="organization.CreateOrganizationTest">
        <test-method is-config="true" signature="BC()[pri:0, instance:organization.CreateOrganizationTest@4681c175]" started-at="2024-10-05T15:00:17 IST" name="BC" finished-at="2024-10-05T15:00:19 IST" duration-ms="1594" status="PASS">
          <reporter-output>
          </reporter-output>
        </test-method> <!-- BC -->
        <test-method is-config="true" signature="BM()[pri:0, instance:organization.CreateOrganizationTest@4681c175]" started-at="2024-10-05T15:00:19 IST" name="BM" finished-at="2024-10-05T15:00:21 IST" duration-ms="2777" status="PASS">
          <reporter-output>
          </reporter-output>
        </test-method> <!-- BM -->
        <test-method signature="createOrganizationTest()[pri:0, instance:organization.CreateOrganizationTest@4681c175]" started-at="2024-10-05T15:00:21 IST" name="createOrganizationTest" finished-at="2024-10-05T15:00:34 IST" duration-ms="13184" status="PASS">
          <reporter-output>
          </reporter-output>
        </test-method> <!-- createOrganizationTest -->
        <test-method is-config="true" signature="AM()[pri:0, instance:organization.CreateOrganizationTest@4681c175]" started-at="2024-10-05T15:00:34 IST" name="AM" finished-at="2024-10-05T15:00:36 IST" duration-ms="1024" status="PASS">
          <reporter-output>
          </reporter-output>
        </test-method> <!-- AM -->
        <test-method is-config="true" signature="AC()[pri:0, instance:organization.CreateOrganizationTest@4681c175]" started-at="2024-10-05T15:00:36 IST" name="AC" finished-at="2024-10-05T15:00:36 IST" duration-ms="187" status="PASS">
          <reporter-output>
          </reporter-output>
        </test-method> <!-- AC -->
      </class> <!-- organization.CreateOrganizationTest -->
      <class name="campaigns.CreateCampaignsTest">
        <test-method is-config="true" signature="BS()[pri:0, instance:campaigns.CreateCampaignsTest@413d1baf]" started-at="2024-10-05T15:00:17 IST" name="BS" finished-at="2024-10-05T15:00:17 IST" duration-ms="12" status="PASS">
          <reporter-output>
          </reporter-output>
        </test-method> <!-- BS -->
        <test-method is-config="true" signature="BT()[pri:0, instance:campaigns.CreateCampaignsTest@413d1baf]" started-at="2024-10-05T15:00:17 IST" name="BT" finished-at="2024-10-05T15:00:17 IST" duration-ms="0" status="PASS">
          <reporter-output>
          </reporter-output>
        </test-method> <!-- BT -->
        <test-method is-config="true" signature="AT()[pri:0, instance:campaigns.CreateCampaignsTest@413d1baf]" started-at="2024-10-05T15:00:36 IST" name="AT" finished-at="2024-10-05T15:00:36 IST" duration-ms="0" status="PASS">
          <reporter-output>
          </reporter-output>
        </test-method> <!-- AT -->
        <test-method is-config="true" signature="AS()[pri:0, instance:campaigns.CreateCampaignsTest@413d1baf]" started-at="2024-10-05T15:00:36 IST" name="AS" finished-at="2024-10-05T15:00:36 IST" duration-ms="0" status="PASS">
          <reporter-output>
          </reporter-output>
        </test-method> <!-- AS -->
      </class> <!-- campaigns.CreateCampaignsTest -->
    </test> <!-- Test -->
  </suite> <!-- Suite -->
</testng-results>
